<?xml version="1.0" encoding="UTF-8"?>
<robot generator="Robot 6.0.2 (Python 3.11.2 on win32)" generated="20230607 16:07:25.144" rpa="false" schemaversion="3">
<suite id="s1" name="Login" source="C:\Users\Fenix\IdeaProjects\Lab4Test\venv\Tests\Login.robot">
<test id="s1-t1" name="Verify Successful Login to OrangeHRM" line="10">
<kw name="Open Browser" library="SeleniumLibrary">
<arg>https://opensource-demo.orangehrmlive.com/</arg>
<arg>Chrome</arg>
<doc>Opens a new browser instance to the optional ``url``.</doc>
<msg timestamp="20230607 16:07:25.400" level="INFO">Opening browser 'Chrome' to base url 'https://opensource-demo.orangehrmlive.com/'.</msg>
<msg timestamp="20230607 16:07:25.407" level="INFO">Applicable driver not found; attempting to install with Selenium Manager (Beta)</msg>
<status status="PASS" starttime="20230607 16:07:25.399" endtime="20230607 16:07:28.756"/>
</kw>
<kw name="Wait Until Element Is Visible" library="SeleniumLibrary">
<arg>id:txtUsername</arg>
<arg>timeout=15</arg>
<doc>Waits until the element ``locator`` is visible.</doc>
<msg timestamp="20230607 16:07:44.037" level="INFO" html="true">&lt;/td&gt;&lt;/tr&gt;&lt;tr&gt;&lt;td colspan="3"&gt;&lt;a href="selenium-screenshot-19.png"&gt;&lt;img src="selenium-screenshot-19.png" width="800px"&gt;&lt;/a&gt;</msg>
<msg timestamp="20230607 16:07:44.037" level="FAIL">Element 'id:txtUsername' not visible after 15 seconds.</msg>
<status status="FAIL" starttime="20230607 16:07:28.757" endtime="20230607 16:07:44.040"/>
</kw>
<kw name="Input Text" library="SeleniumLibrary">
<arg>id:txtUsername</arg>
<arg>Admin</arg>
<doc>Types the given ``text`` into the text field identified by ``locator``.</doc>
<status status="NOT RUN" starttime="20230607 16:07:44.041" endtime="20230607 16:07:44.042"/>
</kw>
<kw name="Input Password" library="SeleniumLibrary">
<arg>id:txtPassword</arg>
<arg>admin123</arg>
<doc>Types the given password into the text field identified by ``locator``.</doc>
<status status="NOT RUN" starttime="20230607 16:07:44.042" endtime="20230607 16:07:44.042"/>
</kw>
<kw name="Click Element" library="SeleniumLibrary">
<arg>id:btnLogin</arg>
<doc>Click the element identified by ``locator``.</doc>
<status status="NOT RUN" starttime="20230607 16:07:44.044" endtime="20230607 16:07:44.044"/>
</kw>
<kw name="Element Should Be Visible" library="SeleniumLibrary">
<arg>id:welcome</arg>
<arg>timeout=15</arg>
<doc>Verifies that the element identified by ``locator`` is visible.</doc>
<status status="NOT RUN" starttime="20230607 16:07:44.044" endtime="20230607 16:07:44.044"/>
</kw>
<kw name="Close Browser" library="SeleniumLibrary">
<doc>Closes the current browser.</doc>
<status status="NOT RUN" starttime="20230607 16:07:44.044" endtime="20230607 16:07:44.044"/>
</kw>
<doc>This test case verifies that user is able to successfully Login to OrangeHRM</doc>
<tag>Smoke</tag>
<status status="FAIL" starttime="20230607 16:07:25.398" endtime="20230607 16:07:44.045">Element 'id:txtUsername' not visible after 15 seconds.</status>
</test>
<test id="s1-t2" name="Verify Successful Login to OrangeHRM" line="21">
<kw name="Open Browser" library="SeleniumLibrary">
<arg>https://opensource-demo.orangehrmlive.com/</arg>
<arg>Chrome</arg>
<doc>Opens a new browser instance to the optional ``url``.</doc>
<msg timestamp="20230607 16:07:44.054" level="INFO">Opening browser 'Chrome' to base url 'https://opensource-demo.orangehrmlive.com/'.</msg>
<msg timestamp="20230607 16:07:44.070" level="INFO">Applicable driver not found; attempting to install with Selenium Manager (Beta)</msg>
<status status="PASS" starttime="20230607 16:07:44.051" endtime="20230607 16:07:47.119"/>
</kw>
<kw name="Wait Until Element Is Visible" library="SeleniumLibrary">
<arg>id:txtUsername</arg>
<arg>timeout=15</arg>
<doc>Waits until the element ``locator`` is visible.</doc>
<msg timestamp="20230607 16:08:02.414" level="INFO" html="true">&lt;/td&gt;&lt;/tr&gt;&lt;tr&gt;&lt;td colspan="3"&gt;&lt;a href="selenium-screenshot-20.png"&gt;&lt;img src="selenium-screenshot-20.png" width="800px"&gt;&lt;/a&gt;</msg>
<msg timestamp="20230607 16:08:02.415" level="FAIL">Element 'id:txtUsername' not visible after 15 seconds.</msg>
<status status="FAIL" starttime="20230607 16:07:47.121" endtime="20230607 16:08:02.417"/>
</kw>
<kw name="Input Text" library="SeleniumLibrary">
<arg>id:txtUsername</arg>
<arg>Admin</arg>
<doc>Types the given ``text`` into the text field identified by ``locator``.</doc>
<status status="NOT RUN" starttime="20230607 16:08:02.418" endtime="20230607 16:08:02.418"/>
</kw>
<kw name="Input Password" library="SeleniumLibrary">
<arg>id:txtPassword</arg>
<arg>Admin</arg>
<doc>Types the given password into the text field identified by ``locator``.</doc>
<status status="NOT RUN" starttime="20230607 16:08:02.418" endtime="20230607 16:08:02.419"/>
</kw>
<kw name="Click Element" library="SeleniumLibrary">
<arg>id:btnLogin</arg>
<doc>Click the element identified by ``locator``.</doc>
<status status="NOT RUN" starttime="20230607 16:08:02.419" endtime="20230607 16:08:02.419"/>
</kw>
<kw name="Element Should Be Visible" library="SeleniumLibrary">
<arg>id:welcome</arg>
<arg>timeout=15</arg>
<doc>Verifies that the element identified by ``locator`` is visible.</doc>
<status status="NOT RUN" starttime="20230607 16:08:02.419" endtime="20230607 16:08:02.420"/>
</kw>
<kw name="Close Browser" library="SeleniumLibrary">
<doc>Closes the current browser.</doc>
<status status="NOT RUN" starttime="20230607 16:08:02.420" endtime="20230607 16:08:02.420"/>
</kw>
<doc>This test case verifies that user is able to successfully Login to OrangeHRM</doc>
<tag>Smoke</tag>
<status status="FAIL" starttime="20230607 16:07:44.048" endtime="20230607 16:08:02.421">Element 'id:txtUsername' not visible after 15 seconds.</status>
</test>
<test id="s1-t3" name="Verify Successful Login to the-internet.herokuapp" line="32">
<kw name="Open Browser" library="SeleniumLibrary">
<arg>https://the-internet.herokuapp.com/login</arg>
<arg>Chrome</arg>
<doc>Opens a new browser instance to the optional ``url``.</doc>
<msg timestamp="20230607 16:08:02.427" level="INFO">Opening browser 'Chrome' to base url 'https://the-internet.herokuapp.com/login'.</msg>
<msg timestamp="20230607 16:08:02.443" level="INFO">Applicable driver not found; attempting to install with Selenium Manager (Beta)</msg>
<status status="PASS" starttime="20230607 16:08:02.426" endtime="20230607 16:08:05.284"/>
</kw>
<kw name="Wait Until Element Is Visible" library="SeleniumLibrary">
<arg>id:username</arg>
<arg>timeout=15</arg>
<doc>Waits until the element ``locator`` is visible.</doc>
<status status="PASS" starttime="20230607 16:08:05.285" endtime="20230607 16:08:05.328"/>
</kw>
<kw name="Input Text" library="SeleniumLibrary">
<arg>id:username</arg>
<arg>tomsmith</arg>
<doc>Types the given ``text`` into the text field identified by ``locator``.</doc>
<msg timestamp="20230607 16:08:05.330" level="INFO">Typing text 'tomsmith' into text field 'id:username'.</msg>
<status status="PASS" starttime="20230607 16:08:05.329" endtime="20230607 16:08:05.480"/>
</kw>
<kw name="Input Password" library="SeleniumLibrary">
<arg>id:password</arg>
<arg>SuperSecretPassword!</arg>
<doc>Types the given password into the text field identified by ``locator``.</doc>
<msg timestamp="20230607 16:08:05.483" level="INFO">Typing password into text field 'id:password'.</msg>
<msg timestamp="20230607 16:08:05.543" level="INFO">Temporally setting log level to: NONE</msg>
<msg timestamp="20230607 16:08:05.604" level="INFO">Log level changed from NONE to INFO.</msg>
<status status="PASS" starttime="20230607 16:08:05.481" endtime="20230607 16:08:05.605"/>
</kw>
<kw name="Click Element" library="SeleniumLibrary">
<arg>css:button[type="submit"]</arg>
<doc>Click the element identified by ``locator``.</doc>
<msg timestamp="20230607 16:08:05.606" level="INFO">Clicking element 'css:button[type="submit"]'.</msg>
<status status="PASS" starttime="20230607 16:08:05.605" endtime="20230607 16:08:05.970"/>
</kw>
<kw name="Element Should Be Visible" library="SeleniumLibrary">
<arg>css:[href="/logout"]</arg>
<arg>timeout=15</arg>
<doc>Verifies that the element identified by ``locator`` is visible.</doc>
<msg timestamp="20230607 16:08:06.011" level="INFO">Element 'css:[href="/logout"]' is displayed.</msg>
<status status="PASS" starttime="20230607 16:08:05.971" endtime="20230607 16:08:06.011"/>
</kw>
<kw name="Close Browser" library="SeleniumLibrary">
<doc>Closes the current browser.</doc>
<status status="PASS" starttime="20230607 16:08:06.012" endtime="20230607 16:08:08.183"/>
</kw>
<doc>This test case verifies that user is able to successfully Login to the-internet.herokuapp</doc>
<tag>Smoke</tag>
<status status="PASS" starttime="20230607 16:08:02.424" endtime="20230607 16:08:08.184"/>
</test>
<test id="s1-t4" name="Verify Successful Login to the-internet.herokuapp" line="43">
<kw name="Open Browser" library="SeleniumLibrary">
<arg>https://the-internet.herokuapp.com/login</arg>
<arg>Chrome</arg>
<doc>Opens a new browser instance to the optional ``url``.</doc>
<msg timestamp="20230607 16:08:08.191" level="INFO">Opening browser 'Chrome' to base url 'https://the-internet.herokuapp.com/login'.</msg>
<msg timestamp="20230607 16:08:08.209" level="INFO">Applicable driver not found; attempting to install with Selenium Manager (Beta)</msg>
<status status="PASS" starttime="20230607 16:08:08.190" endtime="20230607 16:08:11.038"/>
</kw>
<kw name="Wait Until Element Is Visible" library="SeleniumLibrary">
<arg>id:username</arg>
<arg>timeout=15</arg>
<doc>Waits until the element ``locator`` is visible.</doc>
<status status="PASS" starttime="20230607 16:08:11.040" endtime="20230607 16:08:11.082"/>
</kw>
<kw name="Input Text" library="SeleniumLibrary">
<arg>id:username</arg>
<arg>tomsmith2</arg>
<doc>Types the given ``text`` into the text field identified by ``locator``.</doc>
<msg timestamp="20230607 16:08:11.085" level="INFO">Typing text 'tomsmith2' into text field 'id:username'.</msg>
<status status="PASS" starttime="20230607 16:08:11.083" endtime="20230607 16:08:11.271"/>
</kw>
<kw name="Input Password" library="SeleniumLibrary">
<arg>id:password</arg>
<arg>SuperSecretPassword!</arg>
<doc>Types the given password into the text field identified by ``locator``.</doc>
<msg timestamp="20230607 16:08:11.273" level="INFO">Typing password into text field 'id:password'.</msg>
<msg timestamp="20230607 16:08:11.336" level="INFO">Temporally setting log level to: NONE</msg>
<msg timestamp="20230607 16:08:11.395" level="INFO">Log level changed from NONE to INFO.</msg>
<status status="PASS" starttime="20230607 16:08:11.272" endtime="20230607 16:08:11.395"/>
</kw>
<kw name="Click Element" library="SeleniumLibrary">
<arg>css:button[type="submit"]</arg>
<doc>Click the element identified by ``locator``.</doc>
<msg timestamp="20230607 16:08:11.397" level="INFO">Clicking element 'css:button[type="submit"]'.</msg>
<status status="PASS" starttime="20230607 16:08:11.396" endtime="20230607 16:08:11.813"/>
</kw>
<kw name="Element Should Be Visible" library="SeleniumLibrary">
<arg>css:[href="/logout"]</arg>
<arg>timeout=15</arg>
<doc>Verifies that the element identified by ``locator`` is visible.</doc>
<msg timestamp="20230607 16:08:12.001" level="INFO" html="true">&lt;/td&gt;&lt;/tr&gt;&lt;tr&gt;&lt;td colspan="3"&gt;&lt;a href="selenium-screenshot-21.png"&gt;&lt;img src="selenium-screenshot-21.png" width="800px"&gt;&lt;/a&gt;</msg>
<msg timestamp="20230607 16:08:12.001" level="FAIL">Element with locator 'css:[href="/logout"]' not found.</msg>
<status status="FAIL" starttime="20230607 16:08:11.814" endtime="20230607 16:08:12.006"/>
</kw>
<kw name="Close Browser" library="SeleniumLibrary">
<doc>Closes the current browser.</doc>
<status status="NOT RUN" starttime="20230607 16:08:12.007" endtime="20230607 16:08:12.007"/>
</kw>
<doc>This test case verifies that user is able to successfully Login to the-internet.herokuapp</doc>
<tag>Smoke</tag>
<status status="FAIL" starttime="20230607 16:08:08.188" endtime="20230607 16:08:12.008">Element with locator 'css:[href="/logout"]' not found.</status>
</test>
<doc>Login Functionality</doc>
<status status="FAIL" starttime="20230607 16:07:25.146" endtime="20230607 16:08:12.011"/>
</suite>
<statistics>
<total>
<stat pass="1" fail="3" skip="0">All Tests</stat>
</total>
<tag>
<stat pass="1" fail="3" skip="0">Smoke</stat>
</tag>
<suite>
<stat pass="1" fail="3" skip="0" id="s1" name="Login">Login</stat>
</suite>
</statistics>
<errors>
<msg timestamp="20230607 16:07:44.048" level="WARN">Multiple tests with name 'Verify Successful Login to OrangeHRM' executed in suite 'Login'.</msg>
<msg timestamp="20230607 16:08:08.187" level="WARN">Multiple tests with name 'Verify Successful Login to the-internet.herokuapp' executed in suite 'Login'.</msg>
</errors>
</robot>
